
> omnisolve@0.1.0 build
> next build --turbopack

▲ Next.js 16.2.1 (Turbopack)

  Creating an optimized production build ...

> Build error occurred
Error: Turbopack build failed with 1 errors:
./sanity.config.ts:3:1
Module not found: Can't resolve '@sanity/vision'
  [90m1 |[0m [36mimport[0m { defineConfig } [36mfrom[0m [32m'sanity'[0m
  [90m2 |[0m [36mimport[0m { structureTool } [36mfrom[0m [32m'sanity/structure'[0m
[31m[1m>[0m [90m3 |[0m [36mimport[0m { visionTool } [36mfrom[0m [32m'@sanity/vision'[0m
  [90m  |[0m [31m[1m^^^^^^^^^^^^^^^^^^^^^^^^^^^^^^^^^^^^^^^^^^^[0m
  [90m4 |[0m [36mimport[0m { schema } [36mfrom[0m [32m'./src/sanity/schemaTypes'[0m
  [90m5 |[0m [36mimport[0m { projectId, dataset } [36mfrom[0m [32m'./src/sanity/env'[0m
  [90m6 |[0m



Import trace:
  Server Component:
    ./sanity.config.ts
    ./src/app/studio/[[...index]]/page.tsx

https://nextjs.org/docs/messages/module-not-found


    at <unknown> (./sanity.config.ts:3:1)
    at <unknown> (https://nextjs.org/docs/messages/module-not-found)
